TN:
SF:src/Potter.ts
FN:1,(anonymous_0)
FN:11,(anonymous_1)
FNF:2
FNH:2
FNDA:16,(anonymous_0)
FNDA:20,(anonymous_1)
DA:1,1
DA:4,16
DA:12,20
DA:13,20
DA:14,20
DA:15,19
DA:16,3
DA:18,16
DA:19,3
DA:21,13
DA:22,1
DA:25,12
DA:26,1
DA:29,11
DA:30,1
DA:33,10
DA:34,1
DA:37,9
DA:41,20
LF:19
LH:19
BRDA:14,0,0,19
BRDA:15,1,0,3
BRDA:15,1,1,16
BRDA:15,2,0,19
BRDA:15,2,1,7
BRDA:18,3,0,3
BRDA:18,3,1,13
BRDA:18,4,0,16
BRDA:18,4,1,4
BRDA:21,5,0,1
BRDA:21,5,1,12
BRDA:25,6,0,1
BRDA:25,6,1,11
BRDA:29,7,0,1
BRDA:29,7,1,10
BRDA:33,8,0,1
BRDA:33,8,1,9
BRF:17
BRH:17
end_of_record
TN:
SF:src/index.ts
FNF:0
FNH:0
DA:1,0
LF:1
LH:0
BRF:0
BRH:0
end_of_record
